Using pre-set license
Built from '2020.3/staging' branch; Version is '2020.3.17f1 (a4537701e4ab) revision 10769271'; Using compiler version '192528614'; Build Type 'Release'
OS: 'Windows 10 Pro; OS build 19043.1348; Version 2009; 64bit' Language: 'ru' Physical Memory: 16311 MB
BatchMode: 1, IsHumanControllingUs: 0, StartBugReporterOnCrash: 0, Is64bit: 1, IsPro: 0

COMMAND LINE ARGUMENTS:
C:\Program Files\Unity\Hub\Editor\2020.3.17f1\Editor\Unity.exe
-adb2
-batchMode
-noUpm
-name
AssetImportWorker0
-projectPath
D:/Unity_proj/Git/BrowserPlatformer2d
-logFile
Logs/AssetImportWorker0.log
-srvPort
58867
Successfully changed project path to: D:/Unity_proj/Git/BrowserPlatformer2d
D:/Unity_proj/Git/BrowserPlatformer2d
Using Asset Import Pipeline V2.
Refreshing native plugins compatible for Editor in 44.91 ms, found 3 plugins.
Preloading 0 native plugins for Editor in 0.00 ms.
Initialize engine version: 2020.3.17f1 (a4537701e4ab)
[Subsystems] Discovering subsystems at path C:/Program Files/Unity/Hub/Editor/2020.3.17f1/Editor/Data/Resources/UnitySubsystems
[Subsystems] Discovering subsystems at path D:/Unity_proj/Git/BrowserPlatformer2d/Assets
GfxDevice: creating device client; threaded=0
Direct3D:
    Version:  Direct3D 11.0 [level 11.1]
    Renderer: AMD Radeon R9 200 Series (ID=0x67b0)
    Vendor:   
    VRAM:     4072 MB
    Driver:   27.20.1034.6
Initialize mono
Mono path[0] = 'C:/Program Files/Unity/Hub/Editor/2020.3.17f1/Editor/Data/Managed'
Mono path[1] = 'C:/Program Files/Unity/Hub/Editor/2020.3.17f1/Editor/Data/MonoBleedingEdge/lib/mono/unityjit'
Mono config path = 'C:/Program Files/Unity/Hub/Editor/2020.3.17f1/Editor/Data/MonoBleedingEdge/etc'
Using monoOptions --debugger-agent=transport=dt_socket,embedding=1,server=y,suspend=n,address=127.0.0.1:56184
Begin MonoManager ReloadAssembly
Registering precompiled unity dll's ...
Register platform support module: C:/Program Files/Unity/Hub/Editor/2020.3.17f1/Editor/Data/PlaybackEngines/WindowsStandaloneSupport/UnityEditor.WindowsStandalone.Extensions.dll
Registered in 0.001864 seconds.
Native extension for WindowsStandalone target not found
Refreshing native plugins compatible for Editor in 43.89 ms, found 3 plugins.
Preloading 0 native plugins for Editor in 0.00 ms.
Mono: successfully reloaded assembly
- Completed reload, in  1.265 seconds
Domain Reload Profiling:
	ReloadAssembly (1265ms)
		BeginReloadAssembly (57ms)
			ExecutionOrderSort (0ms)
			DisableScriptedObjects (0ms)
			BackupInstance (0ms)
			ReleaseScriptingObjects (0ms)
			CreateAndSetChildDomain (1ms)
		EndReloadAssembly (449ms)
			LoadAssemblies (55ms)
			RebuildTransferFunctionScriptingTraits (0ms)
			SetupTypeCache (155ms)
			ReleaseScriptCaches (0ms)
			RebuildScriptCaches (38ms)
			SetupLoadedEditorAssemblies (180ms)
				LogAssemblyErrors (0ms)
				InitializePlatformSupportModulesInManaged (4ms)
				SetLoadedEditorAssemblies (0ms)
				RefreshPlugins (44ms)
				BeforeProcessingInitializeOnLoad (20ms)
				ProcessInitializeOnLoadAttributes (83ms)
				ProcessInitializeOnLoadMethodAttributes (29ms)
				AfterProcessingInitializeOnLoad (0ms)
				EditorAssembliesLoaded (0ms)
			ExecutionOrderSort2 (0ms)
			AwakeInstancesAfterBackupRestoration (0ms)
Platform modules already initialized, skipping
Registering precompiled user dll's ...
Registered in 0.002903 seconds.
Begin MonoManager ReloadAssembly
Native extension for WindowsStandalone target not found
Refreshing native plugins compatible for Editor in 49.08 ms, found 3 plugins.
Preloading 0 native plugins for Editor in 0.00 ms.
Mono: successfully reloaded assembly
- Completed reload, in  1.298 seconds
Domain Reload Profiling:
	ReloadAssembly (1299ms)
		BeginReloadAssembly (146ms)
			ExecutionOrderSort (0ms)
			DisableScriptedObjects (5ms)
			BackupInstance (0ms)
			ReleaseScriptingObjects (0ms)
			CreateAndSetChildDomain (21ms)
		EndReloadAssembly (1090ms)
			LoadAssemblies (87ms)
			RebuildTransferFunctionScriptingTraits (0ms)
			SetupTypeCache (308ms)
			ReleaseScriptCaches (1ms)
			RebuildScriptCaches (58ms)
			SetupLoadedEditorAssemblies (496ms)
				LogAssemblyErrors (0ms)
				InitializePlatformSupportModulesInManaged (5ms)
				SetLoadedEditorAssemblies (0ms)
				RefreshPlugins (49ms)
				BeforeProcessingInitializeOnLoad (96ms)
				ProcessInitializeOnLoadAttributes (325ms)
				ProcessInitializeOnLoadMethodAttributes (14ms)
				AfterProcessingInitializeOnLoad (6ms)
				EditorAssembliesLoaded (0ms)
			ExecutionOrderSort2 (0ms)
			AwakeInstancesAfterBackupRestoration (7ms)
Platform modules already initialized, skipping
========================================================================
Worker process is ready to serve import requests
Launched and connected shader compiler UnityShaderCompiler.exe after 0.04 seconds
Refreshing native plugins compatible for Editor in 0.60 ms, found 3 plugins.
Preloading 0 native plugins for Editor in 0.00 ms.
Unloading 2247 Unused Serialized files (Serialized files now loaded: 0)
System memory in use before: 98.9 MB.
System memory in use after: 99.0 MB.

Unloading 29 unused Assets to reduce memory usage. Loaded Objects now: 2685.
Total: 3.726700 ms (FindLiveObjects: 0.243200 ms CreateObjectMapping: 0.157900 ms MarkObjects: 3.227800 ms  DeleteObjects: 0.096900 ms)

AssetImportParameters requested are different than current active one (requested -> active):
  custom:framework-win-MediaFoundation: 216162199b28c13a410421893ffa2e32 -> 
  custom:video-decoder-ogg-theora: a1e56fd34408186e4bbccfd4996cb3dc -> 
  custom:container-muxer-webm: aa71ff27fc2769a1b78a27578f13a17b -> 
  custom:container-demuxer-webm: 4f35f7cbe854078d1ac9338744f61a02 -> 
  custom:container-demuxer-ogg: 62fdf1f143b41e24485cea50d1cbac27 -> 
  custom:video-encoder-webm-vp8: eb34c28f22e8b96e1ab97ce403110664 -> 
  custom:video-decoder-webm-vp8: 9c59270c3fd7afecdb556c50c9e8de78 -> 
  custom:audio-decoder-ogg-vorbis: bf7c407c2cedff20999df2af8eb42d56 -> 
  custom:audio-encoder-webm-vorbis: bf7c407c2cedff20999df2af8eb42d56 -> 
========================================================================
Received Import Request.
  path: Assets/Sprites/Water Animation (2D view)/7.png
  artifactKey: Guid(4931b20209db9e944af57f8eb1814837) Importer(815301076,1909f56bfc062723c751e8b465ee728b)
Start importing Assets/Sprites/Water Animation (2D view)/7.png using Guid(4931b20209db9e944af57f8eb1814837) Importer(815301076,1909f56bfc062723c751e8b465ee728b)  -> (artifact id: '379f4739add4999ad6890e620acb9fb1') in 0.115607 seconds 
  Import took 0.119453 seconds .

========================================================================
Received Import Request.
  Time since last request: 0.000296 seconds.
  path: Assets/Sprites/Water Animation (2D view)/13.png
  artifactKey: Guid(68bc5f4df4a621e41910a2f460bffcc7) Importer(815301076,1909f56bfc062723c751e8b465ee728b)
Start importing Assets/Sprites/Water Animation (2D view)/13.png using Guid(68bc5f4df4a621e41910a2f460bffcc7) Importer(815301076,1909f56bfc062723c751e8b465ee728b)  -> (artifact id: '43e7a72ecffebc6519b893e0f79195fb') in 0.012960 seconds 
  Import took 0.016960 seconds .

========================================================================
Received Import Request.
  Time since last request: 0.000245 seconds.
  path: Assets/Sprites/Water Animation (2D view)/2.png
  artifactKey: Guid(3a9f7bc2b1c70164d92f1ad5d4c0a03f) Importer(815301076,1909f56bfc062723c751e8b465ee728b)
Start importing Assets/Sprites/Water Animation (2D view)/2.png using Guid(3a9f7bc2b1c70164d92f1ad5d4c0a03f) Importer(815301076,1909f56bfc062723c751e8b465ee728b)  -> (artifact id: 'fd82b1ae27b2b11bde06d674d04fb270') in 0.013343 seconds 
  Import took 0.017250 seconds .

========================================================================
Received Import Request.
  Time since last request: 0.000226 seconds.
  path: Assets/Sprites/Water Animation (2D view)/12.png
  artifactKey: Guid(de56f9d0de9ffb34eb21213cefacee60) Importer(815301076,1909f56bfc062723c751e8b465ee728b)
Start importing Assets/Sprites/Water Animation (2D view)/12.png using Guid(de56f9d0de9ffb34eb21213cefacee60) Importer(815301076,1909f56bfc062723c751e8b465ee728b)  -> (artifact id: 'a9c87befed4331c353f054d4cbfe919e') in 0.013269 seconds 
  Import took 0.018050 seconds .

========================================================================
Received Import Request.
  Time since last request: 0.000232 seconds.
  path: Assets/Sprites/Water Animation (2D view)/9.png
  artifactKey: Guid(4401e67a26f53df4dacfd5687775a9d7) Importer(815301076,1909f56bfc062723c751e8b465ee728b)
Start importing Assets/Sprites/Water Animation (2D view)/9.png using Guid(4401e67a26f53df4dacfd5687775a9d7) Importer(815301076,1909f56bfc062723c751e8b465ee728b)  -> (artifact id: '369b12a74625d74c06ee42b0f99d6a98') in 0.011703 seconds 
  Import took 0.015991 seconds .

========================================================================
Received Import Request.
  Time since last request: 0.000242 seconds.
  path: Assets/Sprites/Water Animation (2D view)/3.png
  artifactKey: Guid(3d9597532f8e4e54cb5172862532672c) Importer(815301076,1909f56bfc062723c751e8b465ee728b)
Start importing Assets/Sprites/Water Animation (2D view)/3.png using Guid(3d9597532f8e4e54cb5172862532672c) Importer(815301076,1909f56bfc062723c751e8b465ee728b)  -> (artifact id: '974fd2a4f20d5961bd57d16cbb9a7794') in 0.009971 seconds 
  Import took 0.014325 seconds .

========================================================================
Received Import Request.
  Time since last request: 0.000242 seconds.
  path: Assets/Sprites/Water Animation (2D view)/1.png
  artifactKey: Guid(474e6b4cea69e1e47b67806830f3e1ad) Importer(815301076,1909f56bfc062723c751e8b465ee728b)
Start importing Assets/Sprites/Water Animation (2D view)/1.png using Guid(474e6b4cea69e1e47b67806830f3e1ad) Importer(815301076,1909f56bfc062723c751e8b465ee728b)  -> (artifact id: 'fc46114789f9e5037bd25bf1d093bdfa') in 0.009817 seconds 
  Import took 0.013699 seconds .

========================================================================
Received Import Request.
  Time since last request: 0.000151 seconds.
  path: Assets/Sprites/Water Animation (2D view)/6.png
  artifactKey: Guid(48ab4d67543eed849b0de6468242ffea) Importer(815301076,1909f56bfc062723c751e8b465ee728b)
Start importing Assets/Sprites/Water Animation (2D view)/6.png using Guid(48ab4d67543eed849b0de6468242ffea) Importer(815301076,1909f56bfc062723c751e8b465ee728b)  -> (artifact id: '0bf6fe5778e802867eab15c4f607d8e7') in 0.010383 seconds 
  Import took 0.014508 seconds .

========================================================================
Received Import Request.
  Time since last request: 0.000207 seconds.
  path: Assets/Sprites/Water Animation (2D view)/14.png
  artifactKey: Guid(133c73dad3f4ea34cb180b7b5dc8d18f) Importer(815301076,1909f56bfc062723c751e8b465ee728b)
Start importing Assets/Sprites/Water Animation (2D view)/14.png using Guid(133c73dad3f4ea34cb180b7b5dc8d18f) Importer(815301076,1909f56bfc062723c751e8b465ee728b)  -> (artifact id: 'd9dbe2b4d339c253ab3edec720a4c62b') in 0.011293 seconds 
  Import took 0.015010 seconds .

========================================================================
Received Import Request.
  Time since last request: 0.000210 seconds.
  path: Assets/Sprites/Water Animation (2D view)/4.png
  artifactKey: Guid(26c4c4a5fd0c3d844a0be7bc42db9b4b) Importer(815301076,1909f56bfc062723c751e8b465ee728b)
Start importing Assets/Sprites/Water Animation (2D view)/4.png using Guid(26c4c4a5fd0c3d844a0be7bc42db9b4b) Importer(815301076,1909f56bfc062723c751e8b465ee728b)  -> (artifact id: '40827913bf06721dbdd3ce86bf25875b') in 0.009349 seconds 
  Import took 0.012956 seconds .

========================================================================
Received Import Request.
  Time since last request: 0.000167 seconds.
  path: Assets/Sprites/Water Animation (2D view)/5.png
  artifactKey: Guid(a2018b156af33044f8950bed8a8e1993) Importer(815301076,1909f56bfc062723c751e8b465ee728b)
Start importing Assets/Sprites/Water Animation (2D view)/5.png using Guid(a2018b156af33044f8950bed8a8e1993) Importer(815301076,1909f56bfc062723c751e8b465ee728b)  -> (artifact id: 'b9104934605f9a49b6d0c28e61029125') in 0.009722 seconds 
  Import took 0.013410 seconds .

========================================================================
Received Import Request.
  Time since last request: 0.000214 seconds.
  path: Assets/Sprites/Water Animation (2D view)/10.png
  artifactKey: Guid(7618c3f4fd9950f46b40842c75fb579c) Importer(815301076,1909f56bfc062723c751e8b465ee728b)
Start importing Assets/Sprites/Water Animation (2D view)/10.png using Guid(7618c3f4fd9950f46b40842c75fb579c) Importer(815301076,1909f56bfc062723c751e8b465ee728b)  -> (artifact id: 'd27ac140f116af34094e1089e9c4091c') in 0.011895 seconds 
  Import took 0.015386 seconds .

========================================================================
Received Import Request.
  Time since last request: 0.000213 seconds.
  path: Assets/Sprites/Water Animation (2D view)/8.png
  artifactKey: Guid(472e01cb3d80f034c8befcf4c3068fa0) Importer(815301076,1909f56bfc062723c751e8b465ee728b)
Start importing Assets/Sprites/Water Animation (2D view)/8.png using Guid(472e01cb3d80f034c8befcf4c3068fa0) Importer(815301076,1909f56bfc062723c751e8b465ee728b)  -> (artifact id: '3c15ff9d231230a065940b4f7afdd203') in 0.011911 seconds 
  Import took 0.015589 seconds .

========================================================================
Received Import Request.
  Time since last request: 0.000189 seconds.
  path: Assets/Sprites/Water Animation (2D view)/11.png
  artifactKey: Guid(3b53b3fefab97a34abbbc6f1ff30f3ab) Importer(815301076,1909f56bfc062723c751e8b465ee728b)
Start importing Assets/Sprites/Water Animation (2D view)/11.png using Guid(3b53b3fefab97a34abbbc6f1ff30f3ab) Importer(815301076,1909f56bfc062723c751e8b465ee728b)  -> (artifact id: 'b5049328903f48d4cb670a89acc704b1') in 0.010843 seconds 
  Import took 0.014203 seconds .

========================================================================
Received Import Request.
  Time since last request: 4.244478 seconds.
  path: Assets/Textures/Tiles/Spring/Grass.png
  artifactKey: Guid(2feb3109639754c40acc03e8136081ef) Importer(815301076,1909f56bfc062723c751e8b465ee728b)
Start importing Assets/Textures/Tiles/Spring/Grass.png using Guid(2feb3109639754c40acc03e8136081ef) Importer(815301076,1909f56bfc062723c751e8b465ee728b)  -> (artifact id: '2b7326db28c0282bef565f0d10ede593') in 0.013628 seconds 
  Import took 0.019056 seconds .

========================================================================
Received Import Request.
  Time since last request: 0.003763 seconds.
  path: Assets/Textures/Tiles/Spring/Grass.png
  artifactKey: Guid(2feb3109639754c40acc03e8136081ef) Importer(815301076,1909f56bfc062723c751e8b465ee728b)
Start importing Assets/Textures/Tiles/Spring/Grass.png using Guid(2feb3109639754c40acc03e8136081ef) Importer(815301076,1909f56bfc062723c751e8b465ee728b)  -> (artifact id: '2b7326db28c0282bef565f0d10ede593') in 0.011427 seconds 
  Import took 0.016911 seconds .

========================================================================
Received Import Request.
  Time since last request: 248.702747 seconds.
  path: Assets/Textures/Tiles/Pallets/New Palette.prefab
  artifactKey: Guid(42455e2c9dd5b2243bdfcc9f3f70f2a2) Importer(815301076,1909f56bfc062723c751e8b465ee728b)
Start importing Assets/Textures/Tiles/Pallets/New Palette.prefab using Guid(42455e2c9dd5b2243bdfcc9f3f70f2a2) Importer(815301076,1909f56bfc062723c751e8b465ee728b)  -> (artifact id: '6345581fd55173288dbc8a9b261a8208') in 0.044866 seconds 
  Import took 0.051999 seconds .

========================================================================
Received Import Request.
  Time since last request: 92.125062 seconds.
  path: Assets/Textures/Tiles/Pallets/Grass.asset
  artifactKey: Guid(53b0615cb1d611641acaa61dc49084c2) Importer(815301076,1909f56bfc062723c751e8b465ee728b)
Start importing Assets/Textures/Tiles/Pallets/Grass.asset using Guid(53b0615cb1d611641acaa61dc49084c2) Importer(815301076,1909f56bfc062723c751e8b465ee728b)  -> (artifact id: '9d7f4ae768fbb409a007f16ea8d999e3') in 0.017207 seconds 
  Import took 0.021419 seconds .

========================================================================
Received Import Request.
  Time since last request: 0.000218 seconds.
  path: Assets/Textures/Tiles/Pallets/GrassJoinHillLeft.asset
  artifactKey: Guid(814c03a4b3d1dd746b84f94f8952fb40) Importer(815301076,1909f56bfc062723c751e8b465ee728b)
Start importing Assets/Textures/Tiles/Pallets/GrassJoinHillLeft.asset using Guid(814c03a4b3d1dd746b84f94f8952fb40) Importer(815301076,1909f56bfc062723c751e8b465ee728b)  -> (artifact id: '6257c87517249d9e537e3d3f266ba9a0') in 0.007069 seconds 
  Import took 0.010790 seconds .

========================================================================
Received Import Request.
  Time since last request: 0.000437 seconds.
  path: Assets/Textures/Tiles/Pallets/GrassHillLeft2 DownShadow.asset
  artifactKey: Guid(c78ea294c5e33cb49b1d7af966844edf) Importer(815301076,1909f56bfc062723c751e8b465ee728b)
Start importing Assets/Textures/Tiles/Pallets/GrassHillLeft2 DownShadow.asset using Guid(c78ea294c5e33cb49b1d7af966844edf) Importer(815301076,1909f56bfc062723c751e8b465ee728b)  -> (artifact id: 'f6d90e0cee712d6b1d585d116760c93a') in 0.006254 seconds 
  Import took 0.011128 seconds .

========================================================================
Received Import Request.
  Time since last request: 0.000236 seconds.
  path: Assets/Textures/Tiles/Pallets/GrassHillLeft2.asset
  artifactKey: Guid(a49268504cf5e0f47bf16214482262bb) Importer(815301076,1909f56bfc062723c751e8b465ee728b)
Start importing Assets/Textures/Tiles/Pallets/GrassHillLeft2.asset using Guid(a49268504cf5e0f47bf16214482262bb) Importer(815301076,1909f56bfc062723c751e8b465ee728b)  -> (artifact id: 'c14e78001fa405fb768d6fa9c1d137a0') in 0.007220 seconds 
  Import took 0.011291 seconds .

========================================================================
Received Import Request.
  Time since last request: 0.000222 seconds.
  path: Assets/Textures/Tiles/Pallets/GrassJoinHillRight2 DownShadow.asset
  artifactKey: Guid(67d28faa2aa81174a80e839546827586) Importer(815301076,1909f56bfc062723c751e8b465ee728b)
Start importing Assets/Textures/Tiles/Pallets/GrassJoinHillRight2 DownShadow.asset using Guid(67d28faa2aa81174a80e839546827586) Importer(815301076,1909f56bfc062723c751e8b465ee728b)  -> (artifact id: '66baacb05e97ba7f5838222b15afe3f7') in 0.006106 seconds 
  Import took 0.010159 seconds .

========================================================================
Received Import Request.
  Time since last request: 0.000191 seconds.
  path: Assets/Textures/Tiles/Pallets/GrassHillRight2 DownShadow.asset
  artifactKey: Guid(1c4b6d35323446441bf8b6025cd23d93) Importer(815301076,1909f56bfc062723c751e8b465ee728b)
Start importing Assets/Textures/Tiles/Pallets/GrassHillRight2 DownShadow.asset using Guid(1c4b6d35323446441bf8b6025cd23d93) Importer(815301076,1909f56bfc062723c751e8b465ee728b)  -> (artifact id: '7d94f007a1cf3e1a756d5d4972e15347') in 0.006804 seconds 
  Import took 0.011286 seconds .

========================================================================
Received Import Request.
  Time since last request: 0.000246 seconds.
  path: Assets/Textures/Tiles/Pallets/GrassJoinHillRight.asset
  artifactKey: Guid(3e960a40f8e6016409e41723d75ed167) Importer(815301076,1909f56bfc062723c751e8b465ee728b)
Start importing Assets/Textures/Tiles/Pallets/GrassJoinHillRight.asset using Guid(3e960a40f8e6016409e41723d75ed167) Importer(815301076,1909f56bfc062723c751e8b465ee728b)  -> (artifact id: '38e4ba47c5c3cbf6f78a4db66654030f') in 0.005794 seconds 
  Import took 0.009806 seconds .

========================================================================
Received Import Request.
  Time since last request: 0.000243 seconds.
  path: Assets/Textures/Tiles/Pallets/GrassJoinHillRight2&Left2.asset
  artifactKey: Guid(2f08189cbf850544c9263288f24e729a) Importer(815301076,1909f56bfc062723c751e8b465ee728b)
Start importing Assets/Textures/Tiles/Pallets/GrassJoinHillRight2&Left2.asset using Guid(2f08189cbf850544c9263288f24e729a) Importer(815301076,1909f56bfc062723c751e8b465ee728b)  -> (artifact id: 'dfa01dad052ff7ec3e81025cdd5f8443') in 0.006217 seconds 
  Import took 0.009913 seconds .

========================================================================
Received Import Request.
  Time since last request: 0.000215 seconds.
  path: Assets/Textures/Tiles/Pallets/GrassJoinHillLeft2.asset
  artifactKey: Guid(02efc4c6ea4b0964e96cfa6d1dabd61d) Importer(815301076,1909f56bfc062723c751e8b465ee728b)
Start importing Assets/Textures/Tiles/Pallets/GrassJoinHillLeft2.asset using Guid(02efc4c6ea4b0964e96cfa6d1dabd61d) Importer(815301076,1909f56bfc062723c751e8b465ee728b)  -> (artifact id: '2be7551f86c00654a2dc3b9894f317b1') in 0.007048 seconds 
  Import took 0.010899 seconds .

========================================================================
Received Import Request.
  Time since last request: 0.000230 seconds.
  path: Assets/Textures/Tiles/Pallets/GrassHillLeft.asset
  artifactKey: Guid(8fc0aa7304882eb44bb7a74ddd48d944) Importer(815301076,1909f56bfc062723c751e8b465ee728b)
Start importing Assets/Textures/Tiles/Pallets/GrassHillLeft.asset using Guid(8fc0aa7304882eb44bb7a74ddd48d944) Importer(815301076,1909f56bfc062723c751e8b465ee728b)  -> (artifact id: '7ce5554688b22114e8b32223c4fb9087') in 0.005808 seconds 
  Import took 0.009527 seconds .

========================================================================
Received Import Request.
  Time since last request: 0.000238 seconds.
  path: Assets/Textures/Tiles/Pallets/GrassJoinHillRight2&Left2 DownShadow.asset
  artifactKey: Guid(cfe483b6e51974d4b8847d36e2be0559) Importer(815301076,1909f56bfc062723c751e8b465ee728b)
Start importing Assets/Textures/Tiles/Pallets/GrassJoinHillRight2&Left2 DownShadow.asset using Guid(cfe483b6e51974d4b8847d36e2be0559) Importer(815301076,1909f56bfc062723c751e8b465ee728b)  -> (artifact id: '571f8cfd933ea539b847718a314872e8') in 0.005768 seconds 
  Import took 0.009431 seconds .

========================================================================
Received Import Request.
  Time since last request: 0.000192 seconds.
  path: Assets/Textures/Tiles/Pallets/GrassHillRight.asset
  artifactKey: Guid(13eb01b489ddb0545a9bee14ca91d120) Importer(815301076,1909f56bfc062723c751e8b465ee728b)
Start importing Assets/Textures/Tiles/Pallets/GrassHillRight.asset using Guid(13eb01b489ddb0545a9bee14ca91d120) Importer(815301076,1909f56bfc062723c751e8b465ee728b)  -> (artifact id: '0d7217e2b00a3ad8c294939f16a855c1') in 0.006646 seconds 
  Import took 0.010399 seconds .

========================================================================
Received Import Request.
  Time since last request: 0.000210 seconds.
  path: Assets/Textures/Tiles/Pallets/GrassJoinHillRight2.asset
  artifactKey: Guid(ff6f4bfc01be9524dbac97f823a0f950) Importer(815301076,1909f56bfc062723c751e8b465ee728b)
Start importing Assets/Textures/Tiles/Pallets/GrassJoinHillRight2.asset using Guid(ff6f4bfc01be9524dbac97f823a0f950) Importer(815301076,1909f56bfc062723c751e8b465ee728b)  -> (artifact id: 'aaa93f872996b764991bdc57f7f6dfda') in 0.005673 seconds 
  Import took 0.009490 seconds .

========================================================================
Received Import Request.
  Time since last request: 0.000183 seconds.
  path: Assets/Textures/Tiles/Pallets/New Palette.prefab
  artifactKey: Guid(42455e2c9dd5b2243bdfcc9f3f70f2a2) Importer(815301076,1909f56bfc062723c751e8b465ee728b)
Start importing Assets/Textures/Tiles/Pallets/New Palette.prefab using Guid(42455e2c9dd5b2243bdfcc9f3f70f2a2) Importer(815301076,1909f56bfc062723c751e8b465ee728b)  -> (artifact id: '9be1c961f69f3ec9eb24a76892940913') in 0.023227 seconds 
  Import took 0.026976 seconds .

========================================================================
Received Import Request.
  Time since last request: 0.000193 seconds.
  path: Assets/Textures/Tiles/Pallets/GrassColumn.asset
  artifactKey: Guid(ac00444d54cc2564f95780ae6d27d172) Importer(815301076,1909f56bfc062723c751e8b465ee728b)
Start importing Assets/Textures/Tiles/Pallets/GrassColumn.asset using Guid(ac00444d54cc2564f95780ae6d27d172) Importer(815301076,1909f56bfc062723c751e8b465ee728b)  -> (artifact id: '44fa539392f386a7d0c94861a665b080') in 0.005552 seconds 
  Import took 0.009169 seconds .

========================================================================
Received Import Request.
  Time since last request: 0.000200 seconds.
  path: Assets/Textures/Tiles/Pallets/GrassHillRight2.asset
  artifactKey: Guid(b4eee45f42856284a80dcac3154d4151) Importer(815301076,1909f56bfc062723c751e8b465ee728b)
Start importing Assets/Textures/Tiles/Pallets/GrassHillRight2.asset using Guid(b4eee45f42856284a80dcac3154d4151) Importer(815301076,1909f56bfc062723c751e8b465ee728b)  -> (artifact id: '19994d93d6ec3d016a7abb08799eb6de') in 0.005344 seconds 
  Import took 0.009007 seconds .

========================================================================
Received Import Request.
  Time since last request: 0.000197 seconds.
  path: Assets/Textures/Tiles/Pallets/GrassRight.asset
  artifactKey: Guid(33cee02a3b178aa498912ea8d8584247) Importer(815301076,1909f56bfc062723c751e8b465ee728b)
Start importing Assets/Textures/Tiles/Pallets/GrassRight.asset using Guid(33cee02a3b178aa498912ea8d8584247) Importer(815301076,1909f56bfc062723c751e8b465ee728b)  -> (artifact id: '9cfac131eba899f308d68f3026ac61d4') in 0.006001 seconds 
  Import took 0.009683 seconds .

========================================================================
Received Import Request.
  Time since last request: 0.000173 seconds.
  path: Assets/Textures/Tiles/Pallets/GrassJoinHillLeft&Right.asset
  artifactKey: Guid(0c914408f7a352741b409ca16c02ff46) Importer(815301076,1909f56bfc062723c751e8b465ee728b)
Start importing Assets/Textures/Tiles/Pallets/GrassJoinHillLeft&Right.asset using Guid(0c914408f7a352741b409ca16c02ff46) Importer(815301076,1909f56bfc062723c751e8b465ee728b)  -> (artifact id: '56fa5a8bc32386cb837ae2b3a3d66b35') in 0.005442 seconds 
  Import took 0.009031 seconds .

========================================================================
Received Import Request.
  Time since last request: 0.000164 seconds.
  path: Assets/Textures/Tiles/Pallets/GrassCliffRight.asset
  artifactKey: Guid(fbf26374cc1d23046a13d28c4b0020e5) Importer(815301076,1909f56bfc062723c751e8b465ee728b)
Start importing Assets/Textures/Tiles/Pallets/GrassCliffRight.asset using Guid(fbf26374cc1d23046a13d28c4b0020e5) Importer(815301076,1909f56bfc062723c751e8b465ee728b)  -> (artifact id: '17bd0248415036fcb4a45f0056c684c9') in 0.005322 seconds 
  Import took 0.008796 seconds .

========================================================================
Received Import Request.
  Time since last request: 0.000169 seconds.
  path: Assets/Textures/Tiles/Pallets/GrassCliffMid.asset
  artifactKey: Guid(f38266b92b7b05c488f0b0b13f59128e) Importer(815301076,1909f56bfc062723c751e8b465ee728b)
Start importing Assets/Textures/Tiles/Pallets/GrassCliffMid.asset using Guid(f38266b92b7b05c488f0b0b13f59128e) Importer(815301076,1909f56bfc062723c751e8b465ee728b)  -> (artifact id: '55392c80a330c58ea8de7ac299d14d84') in 0.005488 seconds 
  Import took 0.009284 seconds .

========================================================================
Received Import Request.
  Time since last request: 0.000165 seconds.
  path: Assets/Textures/Tiles/Pallets/GrassJoinHillLeft2 DownShadow.asset
  artifactKey: Guid(ffed1816b41aa654e851cf68eb53c593) Importer(815301076,1909f56bfc062723c751e8b465ee728b)
Start importing Assets/Textures/Tiles/Pallets/GrassJoinHillLeft2 DownShadow.asset using Guid(ffed1816b41aa654e851cf68eb53c593) Importer(815301076,1909f56bfc062723c751e8b465ee728b)  -> (artifact id: '8204cb04609b5ba1196733da73b9682c') in 0.005365 seconds 
  Import took 0.008914 seconds .

========================================================================
Received Import Request.
  Time since last request: 0.000171 seconds.
  path: Assets/Textures/Tiles/Pallets/GrassLeft.asset
  artifactKey: Guid(3bfed039747d6874592bf3b63d271b33) Importer(815301076,1909f56bfc062723c751e8b465ee728b)
Start importing Assets/Textures/Tiles/Pallets/GrassLeft.asset using Guid(3bfed039747d6874592bf3b63d271b33) Importer(815301076,1909f56bfc062723c751e8b465ee728b)  -> (artifact id: 'c9b2cd17fd963884f428a75ed4aaf6f0') in 0.005687 seconds 
  Import took 0.009407 seconds .

========================================================================
Received Import Request.
  Time since last request: 0.000154 seconds.
  path: Assets/Textures/Tiles/Pallets/GrassMid.asset
  artifactKey: Guid(912aa061d1a93ac41a007bc4d7815d9f) Importer(815301076,1909f56bfc062723c751e8b465ee728b)
Start importing Assets/Textures/Tiles/Pallets/GrassMid.asset using Guid(912aa061d1a93ac41a007bc4d7815d9f) Importer(815301076,1909f56bfc062723c751e8b465ee728b)  -> (artifact id: '2977b54a1cd76da2c93357651e54d7cd') in 0.005681 seconds 
  Import took 0.009150 seconds .

========================================================================
Received Import Request.
  Time since last request: 0.000158 seconds.
  path: Assets/Textures/Tiles/Pallets/GrassCliffLeft.asset
  artifactKey: Guid(553c1dff3304fb04797da02e57d914af) Importer(815301076,1909f56bfc062723c751e8b465ee728b)
Start importing Assets/Textures/Tiles/Pallets/GrassCliffLeft.asset using Guid(553c1dff3304fb04797da02e57d914af) Importer(815301076,1909f56bfc062723c751e8b465ee728b)  -> (artifact id: 'ad758b666d2f0a3852a4a5ec51fe6b8e') in 0.005660 seconds 
  Import took 0.008988 seconds .

========================================================================
Received Import Request.
  Time since last request: 62.142491 seconds.
  path: Assets/Textures/Tiles/Autumn/Grass.png
  artifactKey: Guid(7863d17075795a44392109bc4fba4efa) Importer(815301076,1909f56bfc062723c751e8b465ee728b)
Start importing Assets/Textures/Tiles/Autumn/Grass.png using Guid(7863d17075795a44392109bc4fba4efa) Importer(815301076,1909f56bfc062723c751e8b465ee728b)  -> (artifact id: 'ead76da8c9924eb27d991b8e3b33ab3a') in 0.010199 seconds 
  Import took 0.014577 seconds .

========================================================================
Received Import Request.
  Time since last request: 10.360820 seconds.
  path: Assets/Textures/Tiles/Autumn/Grass.png
  artifactKey: Guid(7863d17075795a44392109bc4fba4efa) Importer(815301076,1909f56bfc062723c751e8b465ee728b)
Start importing Assets/Textures/Tiles/Autumn/Grass.png using Guid(7863d17075795a44392109bc4fba4efa) Importer(815301076,1909f56bfc062723c751e8b465ee728b)  -> (artifact id: '41fc0662f4ea7259331ae690aabf4e45') in 0.009546 seconds 
  Import took 0.013817 seconds .

========================================================================
Received Import Request.
  Time since last request: 0.000177 seconds.
  path: Assets/Textures/Tiles/Autumn/GrassCliffRight.png
  artifactKey: Guid(8a69981abefc1c1489e111828f4fedae) Importer(815301076,1909f56bfc062723c751e8b465ee728b)
Start importing Assets/Textures/Tiles/Autumn/GrassCliffRight.png using Guid(8a69981abefc1c1489e111828f4fedae) Importer(815301076,1909f56bfc062723c751e8b465ee728b)  -> (artifact id: 'dffd6e64024c18287a8f95b51c6db056') in 0.009573 seconds 
  Import took 0.013511 seconds .

========================================================================
Received Import Request.
  Time since last request: 0.000155 seconds.
  path: Assets/Textures/Tiles/Autumn/GrassHillLeft.png
  artifactKey: Guid(fb0af5c8a4b54ae418c5be21f17184d1) Importer(815301076,1909f56bfc062723c751e8b465ee728b)
Start importing Assets/Textures/Tiles/Autumn/GrassHillLeft.png using Guid(fb0af5c8a4b54ae418c5be21f17184d1) Importer(815301076,1909f56bfc062723c751e8b465ee728b)  -> (artifact id: '2f1f610781c06edd2c72707f548bde52') in 0.009550 seconds 
  Import took 0.013494 seconds .

========================================================================
Received Import Request.
  Time since last request: 0.000163 seconds.
  path: Assets/Textures/Tiles/Autumn/GrassJoinHillRight2&Left2.png
  artifactKey: Guid(1f4cd4a6e9813544291ad1bddaeb0d49) Importer(815301076,1909f56bfc062723c751e8b465ee728b)
Start importing Assets/Textures/Tiles/Autumn/GrassJoinHillRight2&Left2.png using Guid(1f4cd4a6e9813544291ad1bddaeb0d49) Importer(815301076,1909f56bfc062723c751e8b465ee728b)  -> (artifact id: '0e846614c9f6e1f60d73c10ee086e28a') in 0.009198 seconds 
  Import took 0.012920 seconds .

========================================================================
Received Import Request.
  Time since last request: 0.000180 seconds.
  path: Assets/Textures/Tiles/Autumn/GrassColumn.png
  artifactKey: Guid(4e98db3f196351f4c8681323b677c9eb) Importer(815301076,1909f56bfc062723c751e8b465ee728b)
Start importing Assets/Textures/Tiles/Autumn/GrassColumn.png using Guid(4e98db3f196351f4c8681323b677c9eb) Importer(815301076,1909f56bfc062723c751e8b465ee728b)  -> (artifact id: '8633fafb112ebbf037ee2c8665eacb25') in 0.008743 seconds 
  Import took 0.012395 seconds .

========================================================================
Received Import Request.
  Time since last request: 0.000181 seconds.
  path: Assets/Textures/Tiles/Autumn/GrassRight.png
  artifactKey: Guid(5f2c384cced53de428bb9a403ccfc0fa) Importer(815301076,1909f56bfc062723c751e8b465ee728b)
Start importing Assets/Textures/Tiles/Autumn/GrassRight.png using Guid(5f2c384cced53de428bb9a403ccfc0fa) Importer(815301076,1909f56bfc062723c751e8b465ee728b)  -> (artifact id: 'd9476e32405d7d37fe563a7d57a5d45a') in 0.009548 seconds 
  Import took 0.013292 seconds .

========================================================================
Received Import Request.
  Time since last request: 0.000393 seconds.
  path: Assets/Textures/Tiles/Autumn/GrassJoinHillRight2&Left2 DownShadow.png
  artifactKey: Guid(7b6c769e7afb2384a844082e46b33d5f) Importer(815301076,1909f56bfc062723c751e8b465ee728b)
Start importing Assets/Textures/Tiles/Autumn/GrassJoinHillRight2&Left2 DownShadow.png using Guid(7b6c769e7afb2384a844082e46b33d5f) Importer(815301076,1909f56bfc062723c751e8b465ee728b)  -> (artifact id: 'a8cee147f6de649eb0d4b137b2abda52') in 0.009837 seconds 
  Import took 0.014813 seconds .

========================================================================
Received Import Request.
  Time since last request: 0.000186 seconds.
  path: Assets/Textures/Tiles/Autumn/GrassHillLeft2 DownShadow.png
  artifactKey: Guid(dcf2535ded6aeec43aa7f2ca5c480eb4) Importer(815301076,1909f56bfc062723c751e8b465ee728b)
Start importing Assets/Textures/Tiles/Autumn/GrassHillLeft2 DownShadow.png using Guid(dcf2535ded6aeec43aa7f2ca5c480eb4) Importer(815301076,1909f56bfc062723c751e8b465ee728b)  -> (artifact id: 'fad1655e649c6d32f8d7ff67b613b60f') in 0.009017 seconds 
  Import took 0.012781 seconds .

========================================================================
Received Import Request.
  Time since last request: 0.000186 seconds.
  path: Assets/Textures/Tiles/Autumn/GrassJoinHillRight2.png
  artifactKey: Guid(dee4a7d7b3ff4a449a04232d94bebbc9) Importer(815301076,1909f56bfc062723c751e8b465ee728b)
Start importing Assets/Textures/Tiles/Autumn/GrassJoinHillRight2.png using Guid(dee4a7d7b3ff4a449a04232d94bebbc9) Importer(815301076,1909f56bfc062723c751e8b465ee728b)  -> (artifact id: '2eaa781dadd6392b9c2fd17e455f22e3') in 0.009999 seconds 
  Import took 0.013651 seconds .

========================================================================
Received Import Request.
  Time since last request: 0.000189 seconds.
  path: Assets/Textures/Tiles/Autumn/GrassCliffMid.png
  artifactKey: Guid(5f8c0f09272ba24478e0c000964120a9) Importer(815301076,1909f56bfc062723c751e8b465ee728b)
Start importing Assets/Textures/Tiles/Autumn/GrassCliffMid.png using Guid(5f8c0f09272ba24478e0c000964120a9) Importer(815301076,1909f56bfc062723c751e8b465ee728b)  -> (artifact id: 'fe8d3259bd748a2c4aa0f80d0a56d2d6') in 0.008742 seconds 
  Import took 0.012676 seconds .

========================================================================
Received Import Request.
  Time since last request: 0.000183 seconds.
  path: Assets/Textures/Tiles/Autumn/GrassJoinHillLeft.png
  artifactKey: Guid(9c7d57bb031ea304a9689d478b953eb9) Importer(815301076,1909f56bfc062723c751e8b465ee728b)
Start importing Assets/Textures/Tiles/Autumn/GrassJoinHillLeft.png using Guid(9c7d57bb031ea304a9689d478b953eb9) Importer(815301076,1909f56bfc062723c751e8b465ee728b)  -> (artifact id: '6afb4ffe16120c4aaf362dc22895659e') in 0.009584 seconds 
  Import took 0.013416 seconds .

========================================================================
Received Import Request.
  Time since last request: 0.000187 seconds.
  path: Assets/Textures/Tiles/Autumn/GrassHillLeft2.png
  artifactKey: Guid(eafff4adc3e4a2e4e96b4f4d3d255702) Importer(815301076,1909f56bfc062723c751e8b465ee728b)
Start importing Assets/Textures/Tiles/Autumn/GrassHillLeft2.png using Guid(eafff4adc3e4a2e4e96b4f4d3d255702) Importer(815301076,1909f56bfc062723c751e8b465ee728b)  -> (artifact id: '887b9f9d5017717f6852d8b4197dd989') in 0.008591 seconds 
  Import took 0.012289 seconds .

========================================================================
Received Import Request.
  Time since last request: 0.000171 seconds.
  path: Assets/Textures/Tiles/Autumn/GrassJoinHillRight.png
  artifactKey: Guid(018876e5ce346ef4fa9146c9260dcd2d) Importer(815301076,1909f56bfc062723c751e8b465ee728b)
Start importing Assets/Textures/Tiles/Autumn/GrassJoinHillRight.png using Guid(018876e5ce346ef4fa9146c9260dcd2d) Importer(815301076,1909f56bfc062723c751e8b465ee728b)  -> (artifact id: 'ce800c91e88ceeb846afc144f263a631') in 0.009356 seconds 
  Import took 0.013478 seconds .

========================================================================
Received Import Request.
  Time since last request: 0.000168 seconds.
  path: Assets/Textures/Tiles/Autumn/GrassMid.png
  artifactKey: Guid(bfc52c8b0eb18304cab23cbd47de0784) Importer(815301076,1909f56bfc062723c751e8b465ee728b)
Start importing Assets/Textures/Tiles/Autumn/GrassMid.png using Guid(bfc52c8b0eb18304cab23cbd47de0784) Importer(815301076,1909f56bfc062723c751e8b465ee728b)  -> (artifact id: '216b97d25b5ed3fa0cb67676b6d03b5a') in 0.008618 seconds 
  Import took 0.012181 seconds .

========================================================================
Received Import Request.
  Time since last request: 0.000171 seconds.
  path: Assets/Textures/Tiles/Autumn/GrassJoinHillLeft&Right.png
  artifactKey: Guid(449e8a2f2b2168e46bbaeab72dba4a58) Importer(815301076,1909f56bfc062723c751e8b465ee728b)
Start importing Assets/Textures/Tiles/Autumn/GrassJoinHillLeft&Right.png using Guid(449e8a2f2b2168e46bbaeab72dba4a58) Importer(815301076,1909f56bfc062723c751e8b465ee728b)  -> (artifact id: '250af3bd51b7997914f19f65864f1cf4') in 0.008759 seconds 
  Import took 0.012290 seconds .

========================================================================
Received Import Request.
  Time since last request: 0.000200 seconds.
  path: Assets/Textures/Tiles/Autumn/GrassJoinHillLeft2 DownShadow.png
  artifactKey: Guid(2bad941835524ab4db81aa640659f7c2) Importer(815301076,1909f56bfc062723c751e8b465ee728b)
Start importing Assets/Textures/Tiles/Autumn/GrassJoinHillLeft2 DownShadow.png using Guid(2bad941835524ab4db81aa640659f7c2) Importer(815301076,1909f56bfc062723c751e8b465ee728b)  -> (artifact id: '530dee6b56a79010ca515b58089c9f68') in 0.008861 seconds 
  Import took 0.012463 seconds .

========================================================================
Received Import Request.
  Time since last request: 0.000176 seconds.
  path: Assets/Textures/Tiles/Autumn/GrassHillRight.png
  artifactKey: Guid(4b5e1cf322e9b4a4ca3bfff47bbcb199) Importer(815301076,1909f56bfc062723c751e8b465ee728b)
Start importing Assets/Textures/Tiles/Autumn/GrassHillRight.png using Guid(4b5e1cf322e9b4a4ca3bfff47bbcb199) Importer(815301076,1909f56bfc062723c751e8b465ee728b)  -> (artifact id: '507e28b4d2f2a51172d92716ffc70fd4') in 0.009149 seconds 
  Import took 0.012813 seconds .

========================================================================
Received Import Request.
  Time since last request: 0.000183 seconds.
  path: Assets/Textures/Tiles/Autumn/GrassHillRight2 DownShadow.png
  artifactKey: Guid(7319299682325ef4e9f0798dfef3d2e0) Importer(815301076,1909f56bfc062723c751e8b465ee728b)
Start importing Assets/Textures/Tiles/Autumn/GrassHillRight2 DownShadow.png using Guid(7319299682325ef4e9f0798dfef3d2e0) Importer(815301076,1909f56bfc062723c751e8b465ee728b)  -> (artifact id: 'be4a53c337e705fd624a0790567dc177') in 0.009762 seconds 
  Import took 0.013385 seconds .

========================================================================
Received Import Request.
  Time since last request: 0.000180 seconds.
  path: Assets/Textures/Tiles/Autumn/GrassJoinHillLeft2.png
  artifactKey: Guid(34d8231691e2b3848a41688cfe15a351) Importer(815301076,1909f56bfc062723c751e8b465ee728b)
Start importing Assets/Textures/Tiles/Autumn/GrassJoinHillLeft2.png using Guid(34d8231691e2b3848a41688cfe15a351) Importer(815301076,1909f56bfc062723c751e8b465ee728b)  -> (artifact id: 'd6705f8ea071015adaf283631d83f621') in 0.008553 seconds 
  Import took 0.012426 seconds .

========================================================================
Received Import Request.
  Time since last request: 0.000245 seconds.
  path: Assets/Textures/Tiles/Autumn/GrassCliffLeft.png
  artifactKey: Guid(5c95a7c06bf5ed14ca17ca384651ab69) Importer(815301076,1909f56bfc062723c751e8b465ee728b)
Start importing Assets/Textures/Tiles/Autumn/GrassCliffLeft.png using Guid(5c95a7c06bf5ed14ca17ca384651ab69) Importer(815301076,1909f56bfc062723c751e8b465ee728b)  -> (artifact id: '5a327c0ecee079839b44da6f847bcffb') in 0.008562 seconds 
  Import took 0.012927 seconds .

========================================================================
Received Import Request.
  Time since last request: 0.000171 seconds.
  path: Assets/Textures/Tiles/Autumn/GrassHillRight2.png
  artifactKey: Guid(f5e90e99575016d4284fd99ce2c9fbfb) Importer(815301076,1909f56bfc062723c751e8b465ee728b)
Start importing Assets/Textures/Tiles/Autumn/GrassHillRight2.png using Guid(f5e90e99575016d4284fd99ce2c9fbfb) Importer(815301076,1909f56bfc062723c751e8b465ee728b)  -> (artifact id: 'cb48877bc68f6a5b21f6cfc9d67814d3') in 0.008810 seconds 
  Import took 0.012524 seconds .

========================================================================
Received Import Request.
  Time since last request: 0.000184 seconds.
  path: Assets/Textures/Tiles/Autumn/GrassJoinHillRight2 DownShadow.png
  artifactKey: Guid(1d1e0f88676c55942b03ba0dfb5cf810) Importer(815301076,1909f56bfc062723c751e8b465ee728b)
Start importing Assets/Textures/Tiles/Autumn/GrassJoinHillRight2 DownShadow.png using Guid(1d1e0f88676c55942b03ba0dfb5cf810) Importer(815301076,1909f56bfc062723c751e8b465ee728b)  -> (artifact id: 'b73910316f886bb6a0a9c3120c5038e9') in 0.008836 seconds 
  Import took 0.012766 seconds .

========================================================================
Received Import Request.
  Time since last request: 0.000172 seconds.
  path: Assets/Textures/Tiles/Autumn/GrassLeft.png
  artifactKey: Guid(e41bb4da4ae14fc4eb57c03e27a2ba44) Importer(815301076,1909f56bfc062723c751e8b465ee728b)
Start importing Assets/Textures/Tiles/Autumn/GrassLeft.png using Guid(e41bb4da4ae14fc4eb57c03e27a2ba44) Importer(815301076,1909f56bfc062723c751e8b465ee728b)  -> (artifact id: '32428d094f62738c6aa4e4258b9a6e7f') in 0.008837 seconds 
  Import took 0.012459 seconds .

AssetImportWorkerClient::OnTransportError - code=2 error=End of file
